[0.005s] Invoking command in '/home/uihyun/project/kroc/lidar_fix_final/lidar_fix/build/lidar_fix': CMAKE_PREFIX_PATH=/opt/ros/humble /usr/bin/cmake /home/uihyun/project/kroc/lidar_fix_final/lidar_fix/lidar_fix -DCMAKE_INSTALL_PREFIX=/home/uihyun/project/kroc/lidar_fix_final/lidar_fix/install/lidar_fix
[0.062s] -- The C compiler identification is GNU 11.4.0
[0.109s] -- The CXX compiler identification is GNU 11.4.0
[0.120s] -- Detecting C compiler ABI info
[0.166s] -- Detecting C compiler ABI info - done
[0.169s] -- Check for working C compiler: /usr/bin/cc - skipped
[0.170s] -- Detecting C compile features
[0.170s] -- Detecting C compile features - done
[0.172s] -- Detecting CXX compiler ABI info
[0.217s] -- Detecting CXX compiler ABI info - done
[0.222s] -- Check for working CXX compiler: /usr/bin/c++ - skipped
[0.222s] -- Detecting CXX compile features
[0.222s] -- Detecting CXX compile features - done
[0.223s] -- Found ament_cmake: 1.3.12 (/opt/ros/humble/share/ament_cmake/cmake)
[0.323s] -- Found Python3: /usr/bin/python3 (found version "3.10.12") found components: Interpreter 
[0.400s] -- Found rclcpp: 16.0.14 (/opt/ros/humble/share/rclcpp/cmake)
[0.428s] -- Found rosidl_generator_c: 3.1.7 (/opt/ros/humble/share/rosidl_generator_c/cmake)
[0.431s] -- Found rosidl_adapter: 3.1.7 (/opt/ros/humble/share/rosidl_adapter/cmake)
[0.439s] -- Found rosidl_generator_cpp: 3.1.7 (/opt/ros/humble/share/rosidl_generator_cpp/cmake)
[0.447s] -- Using all available rosidl_typesupport_c: rosidl_typesupport_fastrtps_c;rosidl_typesupport_introspection_c
[0.458s] -- Using all available rosidl_typesupport_cpp: rosidl_typesupport_fastrtps_cpp;rosidl_typesupport_introspection_cpp
[0.485s] -- Found rmw_implementation_cmake: 6.1.2 (/opt/ros/humble/share/rmw_implementation_cmake/cmake)
[0.487s] -- Found rmw_fastrtps_cpp: 6.2.8 (/opt/ros/humble/share/rmw_fastrtps_cpp/cmake)
[0.542s] -- Found OpenSSL: /usr/lib/x86_64-linux-gnu/libcrypto.so (found version "3.0.2")  
[0.557s] -- Found FastRTPS: /opt/ros/humble/include  
[0.577s] -- Using RMW implementation 'rmw_fastrtps_cpp' as default
[0.582s] -- Looking for pthread.h
[0.622s] -- Looking for pthread.h - found
[0.622s] -- Performing Test CMAKE_HAVE_LIBC_PTHREAD
[0.666s] -- Performing Test CMAKE_HAVE_LIBC_PTHREAD - Success
[0.666s] -- Found Threads: TRUE  
[0.712s] -- Found sensor_msgs: 4.9.0 (/opt/ros/humble/share/sensor_msgs/cmake)
[0.738s] -- Found OpenCV: /usr (found suitable version "4.5.4", minimum required is "4") 
[0.770s] -- Configuring done
[0.776s] -- Generating done
[0.778s] -- Build files have been written to: /home/uihyun/project/kroc/lidar_fix_final/lidar_fix/build/lidar_fix
[0.783s] Invoked command in '/home/uihyun/project/kroc/lidar_fix_final/lidar_fix/build/lidar_fix' returned '0': CMAKE_PREFIX_PATH=/opt/ros/humble /usr/bin/cmake /home/uihyun/project/kroc/lidar_fix_final/lidar_fix/lidar_fix -DCMAKE_INSTALL_PREFIX=/home/uihyun/project/kroc/lidar_fix_final/lidar_fix/install/lidar_fix
[0.784s] Invoking command in '/home/uihyun/project/kroc/lidar_fix_final/lidar_fix/build/lidar_fix': CMAKE_PREFIX_PATH=/opt/ros/humble /usr/bin/cmake --build /home/uihyun/project/kroc/lidar_fix_final/lidar_fix/build/lidar_fix -- -j8 -l8
[0.814s] [ 66%] [32mBuilding CXX object CMakeFiles/lidar_fix_node.dir/src/lidar_fix_main.cpp.o[0m
[0.814s] [ 66%] [32mBuilding CXX object CMakeFiles/lidar_fix_node.dir/src/lidar_fix_node.cpp.o[0m
[2.156s] [01m[K/home/uihyun/project/kroc/lidar_fix_final/lidar_fix/lidar_fix/src/lidar_fix_node.cpp:[m[K In member function â€˜[01m[Kvoid LidarFix::lidar_callback(sensor_msgs::msg::PointCloud2_<std::allocator<void> >::SharedPtr)[m[Kâ€™:
[2.156s] [01m[K/home/uihyun/project/kroc/lidar_fix_final/lidar_fix/lidar_fix/src/lidar_fix_node.cpp:245:28:[m[K [01;31m[Kerror: [m[Kâ€˜[01m[KkIntensityR[m[Kâ€™ was not declared in this scope
[2.156s]   245 |               if (ratio >= [01;31m[KkIntensityR[m[K) {
[2.156s]       |                            [01;31m[K^~~~~~~~~~~[m[K
[3.422s] gmake[2]: *** [CMakeFiles/lidar_fix_node.dir/build.make:76: CMakeFiles/lidar_fix_node.dir/src/lidar_fix_node.cpp.o] Error 1
[3.422s] gmake[1]: *** [CMakeFiles/Makefile2:137: CMakeFiles/lidar_fix_node.dir/all] Error 2
[3.422s] gmake: *** [Makefile:146: all] Error 2
[3.424s] Invoked command in '/home/uihyun/project/kroc/lidar_fix_final/lidar_fix/build/lidar_fix' returned '2': CMAKE_PREFIX_PATH=/opt/ros/humble /usr/bin/cmake --build /home/uihyun/project/kroc/lidar_fix_final/lidar_fix/build/lidar_fix -- -j8 -l8
